This file contains any messages produced by compilers while
running configure, to aid debugging if configure makes a mistake.

It was created by cola configure 0.0dev, which was
generated by GNU Autoconf 2.69.  Invocation command line was

  $ ./configure 

## --------- ##
## Platform. ##
## --------- ##

hostname = tacas-ae
uname -m = x86_64
uname -r = 5.11.0-34-generic
uname -s = Linux
uname -v = #36~20.04.1-Ubuntu SMP Fri Aug 27 08:06:32 UTC 2021

/usr/bin/uname -p = x86_64
/bin/uname -X     = unknown

/bin/arch              = x86_64
/usr/bin/arch -k       = unknown
/usr/convex/getsysinfo = unknown
/usr/bin/hostinfo      = unknown
/bin/machine           = unknown
/usr/bin/oslevel       = unknown
/bin/universe          = unknown

PATH: /usr/local/sbin
PATH: /usr/local/bin
PATH: /usr/sbin
PATH: /usr/bin
PATH: /sbin
PATH: /bin
PATH: /usr/games
PATH: /usr/local/games
PATH: /snap/bin


## ----------- ##
## Core tests. ##
## ----------- ##

configure:2312: checking for a BSD-compatible install
configure:2380: result: /usr/bin/install -c
configure:2391: checking whether build environment is sane
configure:2446: result: yes
configure:2595: checking for a thread-safe mkdir -p
configure:2634: result: /usr/bin/mkdir -p
configure:2641: checking for gawk
configure:2671: result: no
configure:2641: checking for mawk
configure:2657: found /usr/bin/mawk
configure:2668: result: mawk
configure:2679: checking whether make sets $(MAKE)
configure:2701: result: yes
configure:2730: checking whether make supports nested variables
configure:2747: result: yes
configure:2836: checking whether UID '1000' is supported by ustar format
configure:2839: result: yes
configure:2846: checking whether GID '1000' is supported by ustar format
configure:2849: result: yes
configure:2857: checking how to create a ustar tar archive
configure:2868: tar --version
tar (GNU tar) 1.30
Copyright (C) 2017 Free Software Foundation, Inc.
License GPLv3+: GNU GPL version 3 or later <https://gnu.org/licenses/gpl.html>.
This is free software: you are free to change and redistribute it.
There is NO WARRANTY, to the extent permitted by law.

Written by John Gilmore and Jay Fenlason.
configure:2871: $? = 0
configure:2911: tardir=conftest.dir && eval tar --format=ustar -chf - "$tardir" >conftest.tar
configure:2914: $? = 0
configure:2918: tar -xf - <conftest.tar
configure:2921: $? = 0
configure:2923: cat conftest.dir/file
GrepMe
configure:2926: $? = 0
configure:2939: result: gnutar
configure:3039: checking for gcc
configure:3055: found /usr/bin/gcc
configure:3066: result: gcc
configure:3295: checking for C compiler version
configure:3304: gcc --version >&5
gcc (Ubuntu 9.3.0-17ubuntu1~20.04) 9.3.0
Copyright (C) 2019 Free Software Foundation, Inc.
This is free software; see the source for copying conditions.  There is NO
warranty; not even for MERCHANTABILITY or FITNESS FOR A PARTICULAR PURPOSE.

configure:3315: $? = 0
configure:3304: gcc -v >&5
Using built-in specs.
COLLECT_GCC=gcc
COLLECT_LTO_WRAPPER=/usr/lib/gcc/x86_64-linux-gnu/9/lto-wrapper
OFFLOAD_TARGET_NAMES=nvptx-none:hsa
OFFLOAD_TARGET_DEFAULT=1
Target: x86_64-linux-gnu
Configured with: ../src/configure -v --with-pkgversion='Ubuntu 9.3.0-17ubuntu1~20.04' --with-bugurl=file:///usr/share/doc/gcc-9/README.Bugs --enable-languages=c,ada,c++,go,brig,d,fortran,objc,obj-c++,gm2 --prefix=/usr --with-gcc-major-version-only --program-suffix=-9 --program-prefix=x86_64-linux-gnu- --enable-shared --enable-linker-build-id --libexecdir=/usr/lib --without-included-gettext --enable-threads=posix --libdir=/usr/lib --enable-nls --enable-clocale=gnu --enable-libstdcxx-debug --enable-libstdcxx-time=yes --with-default-libstdcxx-abi=new --enable-gnu-unique-object --disable-vtable-verify --enable-plugin --enable-default-pie --with-system-zlib --with-target-system-zlib=auto --enable-objc-gc=auto --enable-multiarch --disable-werror --with-arch-32=i686 --with-abi=m64 --with-multilib-list=m32,m64,mx32 --enable-multilib --with-tune=generic --enable-offload-targets=nvptx-none=/build/gcc-9-HskZEa/gcc-9-9.3.0/debian/tmp-nvptx/usr,hsa --without-cuda-driver --enable-checking=release --build=x86_64-linux-gnu --host=x86_64-linux-gnu --target=x86_64-linux-gnu
Thread model: posix
gcc version 9.3.0 (Ubuntu 9.3.0-17ubuntu1~20.04) 
configure:3315: $? = 0
configure:3304: gcc -V >&5
gcc: error: unrecognized command line option '-V'
gcc: fatal error: no input files
compilation terminated.
configure:3315: $? = 1
configure:3304: gcc -qversion >&5
gcc: error: unrecognized command line option '-qversion'; did you mean '--version'?
gcc: fatal error: no input files
compilation terminated.
configure:3315: $? = 1
configure:3335: checking whether the C compiler works
configure:3357: gcc    conftest.c  >&5
configure:3361: $? = 0
configure:3409: result: yes
configure:3412: checking for C compiler default output file name
configure:3414: result: a.out
configure:3420: checking for suffix of executables
configure:3427: gcc -o conftest    conftest.c  >&5
configure:3431: $? = 0
configure:3453: result: 
configure:3475: checking whether we are cross compiling
configure:3483: gcc -o conftest    conftest.c  >&5
configure:3487: $? = 0
configure:3494: ./conftest
configure:3498: $? = 0
configure:3486: result: no
configure:3491: checking for suffix of object files
configure:3513: gcc -c   conftest.c >&5
configure:3517: $? = 0
configure:3538: result: o
configure:3542: checking whether we are using the GNU C compiler
configure:3561: gcc -c   conftest.c >&5
configure:3561: $? = 0
configure:3570: result: yes
configure:3579: checking whether gcc accepts -g
configure:3599: gcc -c -g  conftest.c >&5
configure:3599: $? = 0
configure:3640: result: yes
configure:3657: checking for gcc option to accept ISO C89
configure:3720: gcc  -c -g -O2  conftest.c >&5
configure:3720: $? = 0
configure:3733: result: none needed
configure:3758: checking whether gcc understands -c and -o together
configure:3780: gcc -c conftest.c -o conftest2.o
configure:3783: $? = 0
configure:3780: gcc -c conftest.c -o conftest2.o
configure:3783: $? = 0
configure:3795: result: yes
configure:3815: checking whether make supports the include directive
configure:3830: make -f confmf.GNU && cat confinc.out
this is the am__doit target
configure:3833: $? = 0
configure:3852: result: yes (GNU style)
configure:3877: checking dependency style of gcc
configure:3988: result: gcc3
configure:4062: checking for g++
configure:4078: found /usr/bin/g++
configure:4089: result: g++
configure:4116: checking for C++ compiler version
configure:4125: g++ --version >&5
g++ (Ubuntu 9.3.0-17ubuntu1~20.04) 9.3.0
Copyright (C) 2019 Free Software Foundation, Inc.
This is free software; see the source for copying conditions.  There is NO
warranty; not even for MERCHANTABILITY or FITNESS FOR A PARTICULAR PURPOSE.

configure:4136: $? = 0
configure:4125: g++ -v >&5
Using built-in specs.
COLLECT_GCC=g++
COLLECT_LTO_WRAPPER=/usr/lib/gcc/x86_64-linux-gnu/9/lto-wrapper
OFFLOAD_TARGET_NAMES=nvptx-none:hsa
OFFLOAD_TARGET_DEFAULT=1
Target: x86_64-linux-gnu
Configured with: ../src/configure -v --with-pkgversion='Ubuntu 9.3.0-17ubuntu1~20.04' --with-bugurl=file:///usr/share/doc/gcc-9/README.Bugs --enable-languages=c,ada,c++,go,brig,d,fortran,objc,obj-c++,gm2 --prefix=/usr --with-gcc-major-version-only --program-suffix=-9 --program-prefix=x86_64-linux-gnu- --enable-shared --enable-linker-build-id --libexecdir=/usr/lib --without-included-gettext --enable-threads=posix --libdir=/usr/lib --enable-nls --enable-clocale=gnu --enable-libstdcxx-debug --enable-libstdcxx-time=yes --with-default-libstdcxx-abi=new --enable-gnu-unique-object --disable-vtable-verify --enable-plugin --enable-default-pie --with-system-zlib --with-target-system-zlib=auto --enable-objc-gc=auto --enable-multiarch --disable-werror --with-arch-32=i686 --with-abi=m64 --with-multilib-list=m32,m64,mx32 --enable-multilib --with-tune=generic --enable-offload-targets=nvptx-none=/build/gcc-9-HskZEa/gcc-9-9.3.0/debian/tmp-nvptx/usr,hsa --without-cuda-driver --enable-checking=release --build=x86_64-linux-gnu --host=x86_64-linux-gnu --target=x86_64-linux-gnu
Thread model: posix
gcc version 9.3.0 (Ubuntu 9.3.0-17ubuntu1~20.04) 
configure:4136: $? = 0
configure:4125: g++ -V >&5
g++: error: unrecognized command line option '-V'
g++: fatal error: no input files
compilation terminated.
configure:4136: $? = 1
configure:4125: g++ -qversion >&5
g++: error: unrecognized command line option '-qversion'; did you mean '--version'?
g++: fatal error: no input files
compilation terminated.
configure:4136: $? = 1
configure:4140: checking whether we are using the GNU C++ compiler
configure:4159: g++ -c   conftest.cpp >&5
configure:4159: $? = 0
configure:4168: result: yes
configure:4177: checking whether g++ accepts -g
configure:4197: g++ -c -g  conftest.cpp >&5
configure:4197: $? = 0
configure:4238: result: yes
configure:4263: checking dependency style of g++
configure:4374: result: gcc3
configure:4401: checking whether make supports nested variables
configure:4418: result: yes
configure:4506: checking whether C++ compiler accepts -std=c++17
configure:4544: g++ -c -g -O2  -std=c++17  conftest.cpp >&5
configure:4544: $? = 0
configure:4553: result: yes
configure:4606: checking build system type
configure:4620: result: x86_64-pc-linux-gnu
configure:4640: checking host system type
configure:4653: result: x86_64-pc-linux-gnu
configure:4694: checking how to print strings
configure:4721: result: printf
configure:4742: checking for a sed that does not truncate output
configure:4806: result: /usr/bin/sed
configure:4824: checking for grep that handles long lines and -e
configure:4882: result: /usr/bin/grep
configure:4887: checking for egrep
configure:4949: result: /usr/bin/grep -E
configure:4954: checking for fgrep
configure:5016: result: /usr/bin/grep -F
configure:5051: checking for ld used by gcc
configure:5118: result: /usr/bin/ld
configure:5125: checking if the linker (/usr/bin/ld) is GNU ld
configure:5140: result: yes
configure:5152: checking for BSD- or MS-compatible name lister (nm)
configure:5206: result: /usr/bin/nm -B
configure:5336: checking the name lister (/usr/bin/nm -B) interface
configure:5343: g++ -c -g -O2 -std=c++17  conftest.cpp >&5
configure:5346: /usr/bin/nm -B "conftest.o"
configure:5349: output
0000000000000000 B some_variable
configure:5350: result: BSD nm
configure:5353: checking whether ln -s works
configure:5357: result: yes
configure:5365: checking the maximum length of command line arguments
configure:5496: result: 1572864
configure:5544: checking how to convert x86_64-pc-linux-gnu file names to x86_64-pc-linux-gnu format
configure:5584: result: func_convert_file_noop
configure:5591: checking how to convert x86_64-pc-linux-gnu file names to toolchain format
configure:5611: result: func_convert_file_noop
configure:5618: checking for /usr/bin/ld option to reload object files
configure:5625: result: -r
configure:5699: checking for objdump
configure:5715: found /usr/bin/objdump
configure:5726: result: objdump
configure:5758: checking how to recognize dependent libraries
configure:5958: result: pass_all
configure:6043: checking for dlltool
configure:6073: result: no
configure:6103: checking how to associate runtime and link libraries
configure:6130: result: printf %s\n
configure:6190: checking for ar
configure:6206: found /usr/bin/ar
configure:6217: result: ar
configure:6254: checking for archiver @FILE support
configure:6271: g++ -c -g -O2 -std=c++17  conftest.cpp >&5
configure:6271: $? = 0
configure:6274: ar cr libconftest.a @conftest.lst >&5
configure:6277: $? = 0
configure:6282: ar cr libconftest.a @conftest.lst >&5
ar: conftest.o: No such file or directory
configure:6285: $? = 1
configure:6284: result: @
configure:6342: checking for strip
configure:6358: found /usr/bin/strip
configure:6369: result: strip
configure:6441: checking for ranlib
configure:6457: found /usr/bin/ranlib
configure:6468: result: ranlib
configure:6570: checking command to parse /usr/bin/nm -B output from gcc object
configure:6723: g++ -c -g -O2 -std=c++17  conftest.cpp >&5
configure:6726: $? = 0
configure:6730: /usr/bin/nm -B conftest.o | sed -n -e 's/^.*[	 ]\([ABCDGIRSTW][ABCDGIRSTW]*\)[	 ][	 ]*\([_A-Za-z][_A-Za-z0-9]*\)$/\1 \2 \2/p' | sed '/ __gnu_lto/d' > conftest.nm
configure:6796: g++ -o conftest -g -O2 -std=c++17   conftest.cpp conftstm.o >&5
configure:6799: $? = 0
configure:6837: result: ok
configure:6884: checking for sysroot
configure:6914: result: no
configure:6921: checking for a working dd
configure:6959: result: /usr/bin/dd
configure:6963: checking how to truncate binary pipes
configure:6978: result: /usr/bin/dd bs=4096 count=1
configure:7115: g++ -c -g -O2 -std=c++17  conftest.cpp >&5
configure:7118: $? = 0
configure:7308: checking for mt
configure:7324: found /usr/bin/mt
configure:7335: result: mt
configure:7358: checking if mt is a manifest tool
configure:7364: mt '-?'
configure:7372: result: no
configure:8049: checking how to run the C preprocessor
configure:8080: gcc -E  conftest.c
configure:8080: $? = 0
configure:8094: gcc -E  conftest.c
conftest.c:11:10: fatal error: ac_nonexistent.h: No such file or directory
   11 | #include <ac_nonexistent.h>
      |          ^~~~~~~~~~~~~~~~~~
compilation terminated.
configure:8094: $? = 1
configure: failed program was:
| /* confdefs.h */
| #define PACKAGE_NAME "cola"
| #define PACKAGE_TARNAME "cola"
| #define PACKAGE_VERSION "0.0dev"
| #define PACKAGE_STRING "cola 0.0dev"
| #define PACKAGE_BUGREPORT ""
| #define PACKAGE_URL ""
| #define PACKAGE "cola"
| #define VERSION "0.0dev"
| /* end confdefs.h.  */
| #include <ac_nonexistent.h>
configure:8119: result: gcc -E
configure:8139: gcc -E  conftest.c
configure:8139: $? = 0
configure:8153: gcc -E  conftest.c
conftest.c:11:10: fatal error: ac_nonexistent.h: No such file or directory
   11 | #include <ac_nonexistent.h>
      |          ^~~~~~~~~~~~~~~~~~
compilation terminated.
configure:8153: $? = 1
configure: failed program was:
| /* confdefs.h */
| #define PACKAGE_NAME "cola"
| #define PACKAGE_TARNAME "cola"
| #define PACKAGE_VERSION "0.0dev"
| #define PACKAGE_STRING "cola 0.0dev"
| #define PACKAGE_BUGREPORT ""
| #define PACKAGE_URL ""
| #define PACKAGE "cola"
| #define VERSION "0.0dev"
| /* end confdefs.h.  */
| #include <ac_nonexistent.h>
configure:8182: checking for ANSI C header files
configure:8202: gcc -c -g -O2  conftest.c >&5
configure:8202: $? = 0
configure:8275: gcc -o conftest -g -O2   conftest.c  >&5
configure:8275: $? = 0
configure:8275: ./conftest
configure:8275: $? = 0
configure:8286: result: yes
configure:8299: checking for sys/types.h
configure:8299: gcc -c -g -O2  conftest.c >&5
configure:8299: $? = 0
configure:8299: result: yes
configure:8299: checking for sys/stat.h
configure:8299: gcc -c -g -O2  conftest.c >&5
configure:8299: $? = 0
configure:8299: result: yes
configure:8299: checking for stdlib.h
configure:8299: gcc -c -g -O2  conftest.c >&5
configure:8299: $? = 0
configure:8299: result: yes
configure:8299: checking for string.h
configure:8299: gcc -c -g -O2  conftest.c >&5
configure:8299: $? = 0
configure:8299: result: yes
configure:8299: checking for memory.h
configure:8299: gcc -c -g -O2  conftest.c >&5
configure:8299: $? = 0
configure:8299: result: yes
configure:8299: checking for strings.h
configure:8299: gcc -c -g -O2  conftest.c >&5
configure:8299: $? = 0
configure:8299: result: yes
configure:8299: checking for inttypes.h
configure:8299: gcc -c -g -O2  conftest.c >&5
configure:8299: $? = 0
configure:8299: result: yes
configure:8299: checking for stdint.h
configure:8299: gcc -c -g -O2  conftest.c >&5
configure:8299: $? = 0
configure:8299: result: yes
configure:8299: checking for unistd.h
configure:8299: gcc -c -g -O2  conftest.c >&5
configure:8299: $? = 0
configure:8299: result: yes
configure:8313: checking for dlfcn.h
configure:8313: gcc -c -g -O2  conftest.c >&5
configure:8313: $? = 0
configure:8313: result: yes
configure:8579: checking for objdir
configure:8594: result: .libs
configure:8854: checking if gcc supports -fno-rtti -fno-exceptions
configure:8872: gcc -c -g -O2  -fno-rtti -fno-exceptions conftest.c >&5
cc1: warning: command line option '-fno-rtti' is valid for C++/D/ObjC++ but not for C
configure:8876: $? = 0
configure:8889: result: no
configure:9253: checking for gcc option to produce PIC
configure:9260: result: -fPIC -DPIC
configure:9268: checking if gcc PIC flag -fPIC -DPIC works
configure:9286: gcc -c -g -O2  -fPIC -DPIC -DPIC conftest.c >&5
configure:9290: $? = 0
configure:9303: result: yes
configure:9332: checking if gcc static flag -static works
configure:9360: result: yes
configure:9375: checking if gcc supports -c -o file.o
configure:9396: gcc -c -g -O2  -o out/conftest2.o conftest.c >&5
configure:9400: $? = 0
configure:9422: result: yes
configure:9430: checking if gcc supports -c -o file.o
configure:9477: result: yes
configure:9510: checking whether the gcc linker (/usr/bin/ld -m elf_x86_64) supports shared libraries
configure:10773: result: yes
configure:10810: checking whether -lc should be explicitly linked in
configure:10818: gcc -c -g -O2  conftest.c >&5
configure:10821: $? = 0
configure:10836: gcc -shared  -fPIC -DPIC conftest.o  -v -Wl,-soname -Wl,conftest -o conftest 2\>\&1 \| /usr/bin/grep  -lc  \>/dev/null 2\>\&1
configure:10839: $? = 0
configure:10853: result: no
configure:11013: checking dynamic linker characteristics
configure:11594: gcc -o conftest -g -O2   -Wl,-rpath -Wl,/foo conftest.c  >&5
configure:11594: $? = 0
configure:11843: result: GNU/Linux ld.so
configure:11965: checking how to hardcode library paths into programs
configure:11990: result: immediate
configure:12538: checking whether stripping libraries is possible
configure:12543: result: yes
configure:12578: checking if libtool supports shared libraries
configure:12580: result: yes
configure:12583: checking whether to build shared libraries
configure:12608: result: yes
configure:12611: checking whether to build static libraries
configure:12615: result: yes
configure:9414: checking how to run the C++ preprocessor
configure:9441: g++ -E  conftest.cpp
configure:9441: $? = 0
configure:9455: g++ -E  conftest.cpp
conftest.cpp:23:10: fatal error: ac_nonexistent.h: No such file or directory
   23 | #include <ac_nonexistent.h>
      |          ^~~~~~~~~~~~~~~~~~
compilation terminated.
configure:9455: $? = 1
configure: failed program was:
| /* confdefs.h */
| #define PACKAGE_NAME "cola"
| #define PACKAGE_TARNAME "cola"
| #define PACKAGE_VERSION "0.0dev"
| #define PACKAGE_STRING "cola 0.0dev"
| #define PACKAGE_BUGREPORT ""
| #define PACKAGE_URL ""
| #define PACKAGE "cola"
| #define VERSION "0.0dev"
| #define STDC_HEADERS 1
| #define HAVE_SYS_TYPES_H 1
| #define HAVE_SYS_STAT_H 1
| #define HAVE_STDLIB_H 1
| #define HAVE_STRING_H 1
| #define HAVE_MEMORY_H 1
| #define HAVE_STRINGS_H 1
| #define HAVE_INTTYPES_H 1
| #define HAVE_STDINT_H 1
| #define HAVE_UNISTD_H 1
| #define HAVE_DLFCN_H 1
| #define LT_OBJDIR ".libs/"
| /* end confdefs.h.  */
| #include <ac_nonexistent.h>
configure:9480: result: g++ -E
configure:9500: g++ -E  conftest.cpp
configure:9500: $? = 0
configure:9514: g++ -E  conftest.cpp
conftest.cpp:23:10: fatal error: ac_nonexistent.h: No such file or directory
   23 | #include <ac_nonexistent.h>
      |          ^~~~~~~~~~~~~~~~~~
compilation terminated.
configure:9514: $? = 1
configure: failed program was:
| /* confdefs.h */
| #define PACKAGE_NAME "cola"
| #define PACKAGE_TARNAME "cola"
| #define PACKAGE_VERSION "0.0dev"
| #define PACKAGE_STRING "cola 0.0dev"
| #define PACKAGE_BUGREPORT ""
| #define PACKAGE_URL ""
| #define PACKAGE "cola"
| #define VERSION "0.0dev"
| #define STDC_HEADERS 1
| #define HAVE_SYS_TYPES_H 1
| #define HAVE_SYS_STAT_H 1
| #define HAVE_STDLIB_H 1
| #define HAVE_STRING_H 1
| #define HAVE_MEMORY_H 1
| #define HAVE_STRINGS_H 1
| #define HAVE_INTTYPES_H 1
| #define HAVE_STDINT_H 1
| #define HAVE_UNISTD_H 1
| #define HAVE_DLFCN_H 1
| #define LT_OBJDIR ".libs/"
| /* end confdefs.h.  */
| #include <ac_nonexistent.h>
configure:9676: checking for ld used by g++
configure:9743: result: /usr/bin/ld -m elf_x86_64
configure:9750: checking if the linker (/usr/bin/ld -m elf_x86_64) is GNU ld
configure:9765: result: yes
configure:9820: checking whether the g++ linker (/usr/bin/ld -m elf_x86_64) supports shared libraries
configure:10893: result: yes
configure:10929: g++ -c -g -O2 -std=c++17  conftest.cpp >&5
configure:10932: $? = 0
configure:11413: checking for g++ option to produce PIC
configure:11420: result: -fPIC -DPIC
configure:11428: checking if g++ PIC flag -fPIC -DPIC works
configure:11446: g++ -c -g -O2 -std=c++17  -fPIC -DPIC -DPIC conftest.cpp >&5
configure:11450: $? = 0
configure:11463: result: yes
configure:11486: checking if g++ static flag -static works
configure:11514: result: yes
configure:11526: checking if g++ supports -c -o file.o
configure:11547: g++ -c -g -O2 -std=c++17  -o out/conftest2.o conftest.cpp >&5
configure:11551: $? = 0
configure:11573: result: yes
configure:11578: checking if g++ supports -c -o file.o
configure:11625: result: yes
configure:11655: checking whether the g++ linker (/usr/bin/ld -m elf_x86_64) supports shared libraries
configure:11698: result: yes
configure:11839: checking dynamic linker characteristics
configure:12596: result: GNU/Linux ld.so
configure:12661: checking how to hardcode library paths into programs
configure:12686: result: immediate
configure:11589: checking for perl
configure:11605: found /usr/bin/perl
configure:11616: result: perl
configure:11630: checking for swig3.0
configure:11660: result: no
configure:11630: checking for swig
configure:11660: result: no
configure:11774: checking that generated files are newer than configure
configure:11780: result: done
configure:11807: creating ./config.status

## ---------------------- ##
## Running config.status. ##
## ---------------------- ##

This file was extended by cola config.status 0.0dev, which was
generated by GNU Autoconf 2.69.  Invocation command line was

  CONFIG_FILES    = 
  CONFIG_HEADERS  = 
  CONFIG_LINKS    = 
  CONFIG_COMMANDS = 
  $ ./config.status 

on tacas-ae

config.status:1146: creating Makefile
config.status:1146: creating config.h
config.status:1375: executing depfiles commands
config.status:1452: cd .       && sed -e '/# am--include-marker/d' Makefile         | make -f - am--depfiles
config.status:1457: $? = 0
config.status:1375: executing libtool commands

## ---------------- ##
## Cache variables. ##
## ---------------- ##

ac_cv_build=x86_64-pc-linux-gnu
ac_cv_c_compiler_gnu=yes
ac_cv_cxx_compiler_gnu=yes
ac_cv_env_CCC_set=
ac_cv_env_CCC_value=
ac_cv_env_CC_set=
ac_cv_env_CC_value=
ac_cv_env_CFLAGS_set=
ac_cv_env_CFLAGS_value=
ac_cv_env_CPPFLAGS_set=
ac_cv_env_CPPFLAGS_value=
ac_cv_env_CPP_set=
ac_cv_env_CPP_value=
ac_cv_env_CXXCPP_set=
ac_cv_env_CXXCPP_value=
ac_cv_env_CXXFLAGS_set=
ac_cv_env_CXXFLAGS_value=
ac_cv_env_CXX_set=
ac_cv_env_CXX_value=
ac_cv_env_LDFLAGS_set=
ac_cv_env_LDFLAGS_value=
ac_cv_env_LIBS_set=
ac_cv_env_LIBS_value=
ac_cv_env_LT_SYS_LIBRARY_PATH_set=
ac_cv_env_LT_SYS_LIBRARY_PATH_value=
ac_cv_env_build_alias_set=
ac_cv_env_build_alias_value=
ac_cv_env_host_alias_set=
ac_cv_env_host_alias_value=
ac_cv_env_target_alias_set=
ac_cv_env_target_alias_value=
ac_cv_header_dlfcn_h=yes
ac_cv_header_inttypes_h=yes
ac_cv_header_memory_h=yes
ac_cv_header_stdc=yes
ac_cv_header_stdint_h=yes
ac_cv_header_stdlib_h=yes
ac_cv_header_string_h=yes
ac_cv_header_strings_h=yes
ac_cv_header_sys_stat_h=yes
ac_cv_header_sys_types_h=yes
ac_cv_header_unistd_h=yes
ac_cv_host=x86_64-pc-linux-gnu
ac_cv_objext=o
ac_cv_path_EGREP='/usr/bin/grep -E'
ac_cv_path_FGREP='/usr/bin/grep -F'
ac_cv_path_GREP=/usr/bin/grep
ac_cv_path_SED=/usr/bin/sed
ac_cv_path_install='/usr/bin/install -c'
ac_cv_path_lt_DD=/usr/bin/dd
ac_cv_path_mkdir=/usr/bin/mkdir
ac_cv_prog_AWK=mawk
ac_cv_prog_CPP='gcc -E'
ac_cv_prog_CXXCPP='g++ -E'
ac_cv_prog_PERL=perl
ac_cv_prog_ac_ct_AR=ar
ac_cv_prog_ac_ct_CC=gcc
ac_cv_prog_ac_ct_CXX=g++
ac_cv_prog_ac_ct_MANIFEST_TOOL=mt
ac_cv_prog_ac_ct_OBJDUMP=objdump
ac_cv_prog_ac_ct_RANLIB=ranlib
ac_cv_prog_ac_ct_STRIP=strip
ac_cv_prog_cc_c89=
ac_cv_prog_cc_g=yes
ac_cv_prog_cxx_g=yes
ac_cv_prog_make_make_set=yes
am_cv_CC_dependencies_compiler_type=gcc3
am_cv_CXX_dependencies_compiler_type=gcc3
am_cv_make_support_nested_variables=yes
am_cv_prog_cc_c_o=yes
am_cv_prog_tar_ustar=gnutar
ax_cv_check_cxxflags___std_cpp17=yes
lt_cv_ar_at_file=@
lt_cv_archive_cmds_need_lc=no
lt_cv_deplibs_check_method=pass_all
lt_cv_file_magic_cmd='$MAGIC_CMD'
lt_cv_file_magic_test_file=
lt_cv_ld_reload_flag=-r
lt_cv_nm_interface='BSD nm'
lt_cv_objdir=.libs
lt_cv_path_LD=/usr/bin/ld
lt_cv_path_LDCXX='/usr/bin/ld -m elf_x86_64'
lt_cv_path_NM='/usr/bin/nm -B'
lt_cv_path_mainfest_tool=no
lt_cv_prog_compiler_c_o=yes
lt_cv_prog_compiler_c_o_CXX=yes
lt_cv_prog_compiler_pic='-fPIC -DPIC'
lt_cv_prog_compiler_pic_CXX='-fPIC -DPIC'
lt_cv_prog_compiler_pic_works=yes
lt_cv_prog_compiler_pic_works_CXX=yes
lt_cv_prog_compiler_rtti_exceptions=no
lt_cv_prog_compiler_static_works=yes
lt_cv_prog_compiler_static_works_CXX=yes
lt_cv_prog_gnu_ld=yes
lt_cv_prog_gnu_ldcxx=yes
lt_cv_sharedlib_from_linklib_cmd='printf %s\n'
lt_cv_shlibpath_overrides_runpath=yes
lt_cv_sys_global_symbol_pipe='sed -n -e '\''s/^.*[	 ]\([ABCDGIRSTW][ABCDGIRSTW]*\)[	 ][	 ]*\([_A-Za-z][_A-Za-z0-9]*\)$/\1 \2 \2/p'\'' | sed '\''/ __gnu_lto/d'\'''
lt_cv_sys_global_symbol_to_c_name_address='sed -n -e '\''s/^: \(.*\) .*$/  {"\1", (void *) 0},/p'\'' -e '\''s/^[ABCDGIRSTW][ABCDGIRSTW]* .* \(.*\)$/  {"\1", (void *) \&\1},/p'\'''
lt_cv_sys_global_symbol_to_c_name_address_lib_prefix='sed -n -e '\''s/^: \(.*\) .*$/  {"\1", (void *) 0},/p'\'' -e '\''s/^[ABCDGIRSTW][ABCDGIRSTW]* .* \(lib.*\)$/  {"\1", (void *) \&\1},/p'\'' -e '\''s/^[ABCDGIRSTW][ABCDGIRSTW]* .* \(.*\)$/  {"lib\1", (void *) \&\1},/p'\'''
lt_cv_sys_global_symbol_to_cdecl='sed -n -e '\''s/^T .* \(.*\)$/extern int \1();/p'\'' -e '\''s/^[ABCDGIRSTW][ABCDGIRSTW]* .* \(.*\)$/extern char \1;/p'\'''
lt_cv_sys_global_symbol_to_import=
lt_cv_sys_max_cmd_len=1572864
lt_cv_to_host_file_cmd=func_convert_file_noop
lt_cv_to_tool_file_cmd=func_convert_file_noop
lt_cv_truncate_bin='/usr/bin/dd bs=4096 count=1'

## ----------------- ##
## Output variables. ##
## ----------------- ##

ACLOCAL='${SHELL} /home/tacas22/COLA-TACAS22AE/tools/missing aclocal-1.16'
AMDEPBACKSLASH='\'
AMDEP_FALSE='#'
AMDEP_TRUE=''
AMTAR='$${TAR-tar}'
AM_BACKSLASH='\'
AM_DEFAULT_V='$(AM_DEFAULT_VERBOSITY)'
AM_DEFAULT_VERBOSITY='1'
AM_V='$(V)'
AR='ar'
AUTOCONF='${SHELL} /home/tacas22/COLA-TACAS22AE/tools/missing autoconf'
AUTOHEADER='${SHELL} /home/tacas22/COLA-TACAS22AE/tools/missing autoheader'
AUTOMAKE='${SHELL} /home/tacas22/COLA-TACAS22AE/tools/missing automake-1.16'
AWK='mawk'
CC='gcc'
CCDEPMODE='depmode=gcc3'
CFLAGS='-g -O2'
CPP='gcc -E'
CPPFLAGS=''
CXX='g++'
CXXCPP='g++ -E'
CXXDEPMODE='depmode=gcc3'
CXXFLAGS='-g -O2 -std=c++17'
CYGPATH_W='echo'
DEFS='-DHAVE_CONFIG_H'
DEPDIR='.deps'
DLLTOOL='false'
DSYMUTIL=''
DUMPBIN=''
ECHO_C=''
ECHO_N='-n'
ECHO_T=''
EGREP='/usr/bin/grep -E'
EXEEXT=''
FGREP='/usr/bin/grep -F'
GREP='/usr/bin/grep'
INSTALL_DATA='${INSTALL} -m 644'
INSTALL_PROGRAM='${INSTALL}'
INSTALL_SCRIPT='${INSTALL}'
INSTALL_STRIP_PROGRAM='$(install_sh) -c -s'
LD='/usr/bin/ld -m elf_x86_64'
LDFLAGS=''
LIBOBJS=''
LIBS=''
LIBTOOL='$(SHELL) $(top_builddir)/libtool'
LIPO=''
LN_S='ln -s'
LTLIBOBJS=''
LT_SYS_LIBRARY_PATH=''
MAKEINFO='${SHELL} /home/tacas22/COLA-TACAS22AE/tools/missing makeinfo'
MANIFEST_TOOL=':'
MKDIR_P='/usr/bin/mkdir -p'
NM='/usr/bin/nm -B'
NMEDIT=''
OBJDUMP='objdump'
OBJEXT='o'
OTOOL64=''
OTOOL=''
PACKAGE='cola'
PACKAGE_BUGREPORT=''
PACKAGE_NAME='cola'
PACKAGE_STRING='cola 0.0dev'
PACKAGE_TARNAME='cola'
PACKAGE_URL=''
PACKAGE_VERSION='0.0dev'
PATH_SEPARATOR=':'
PERL='perl'
RANLIB='ranlib'
SED='/usr/bin/sed'
SET_MAKE=''
SHELL='/bin/bash'
SPOTPREFIX='${prefix}'
STRIP='strip'
SWIG='swig'
VERSION='0.0dev'
ac_ct_AR='ar'
ac_ct_CC='gcc'
ac_ct_CXX='g++'
ac_ct_DUMPBIN=''
am__EXEEXT_FALSE=''
am__EXEEXT_TRUE='#'
am__fastdepCC_FALSE='#'
am__fastdepCC_TRUE=''
am__fastdepCXX_FALSE='#'
am__fastdepCXX_TRUE=''
am__include='include'
am__isrc=''
am__leading_dot='.'
am__nodep='_no'
am__quote=''
am__tar='tar --format=ustar -chf - "$$tardir"'
am__untar='tar -xf -'
bindir='${exec_prefix}/bin'
build='x86_64-pc-linux-gnu'
build_alias=''
build_cpu='x86_64'
build_os='linux-gnu'
build_vendor='pc'
datadir='${datarootdir}'
datarootdir='${prefix}/share'
docdir='${datarootdir}/doc/${PACKAGE_TARNAME}'
dvidir='${docdir}'
exec_prefix='${prefix}'
host='x86_64-pc-linux-gnu'
host_alias=''
host_cpu='x86_64'
host_os='linux-gnu'
host_vendor='pc'
htmldir='${docdir}'
includedir='${prefix}/include'
infodir='${datarootdir}/info'
install_sh='${SHELL} /home/tacas22/COLA-TACAS22AE/tools/install-sh'
libdir='${exec_prefix}/lib'
libexecdir='${exec_prefix}/libexec'
localedir='${datarootdir}/locale'
localstatedir='${prefix}/var'
mandir='${datarootdir}/man'
mkdir_p='$(MKDIR_P)'
oldincludedir='/usr/include'
pdfdir='${docdir}'
prefix='/usr/local'
program_transform_name='s,x,x,'
psdir='${docdir}'
runstatedir='${localstatedir}/run'
sbindir='${exec_prefix}/sbin'
sharedstatedir='${prefix}/com'
sysconfdir='${prefix}/etc'
target_alias=''

## ----------- ##
## confdefs.h. ##
## ----------- ##

/* confdefs.h */
#define PACKAGE_NAME "cola"
#define PACKAGE_TARNAME "cola"
#define PACKAGE_VERSION "0.0dev"
#define PACKAGE_STRING "cola 0.0dev"
#define PACKAGE_BUGREPORT ""
#define PACKAGE_URL ""
#define PACKAGE "cola"
#define VERSION "0.0dev"
#define STDC_HEADERS 1
#define HAVE_SYS_TYPES_H 1
#define HAVE_SYS_STAT_H 1
#define HAVE_STDLIB_H 1
#define HAVE_STRING_H 1
#define HAVE_MEMORY_H 1
#define HAVE_STRINGS_H 1
#define HAVE_INTTYPES_H 1
#define HAVE_STDINT_H 1
#define HAVE_UNISTD_H 1
#define HAVE_DLFCN_H 1
#define LT_OBJDIR ".libs/"

configure: exit 0
